Build started 4/16/2014 4:21:08 PM.
     1>Project "C:\2014 Spring\COMP 116 Data Structure\Labs\Lab13\Lab13\Lab13.vcxproj" on node 2 (Build target(s)).
     1>ClCompile:
         C:\Program Files (x86)\Microsoft Visual Studio 12.0\VC\bin\CL.exe /c /ZI /nologo /W3 /WX- /sdl /Od /Oy- /D WIN32 /D _DEBUG /D _CONSOLE /D _LIB /D _UNICODE /D UNICODE /Gm /EHsc /RTC1 /MDd /GS /fp:precise /Zc:wchar_t /Zc:forScope /Yc"stdafx.h" /Fp"Debug\Lab13.pch" /Fo"Debug\\" /Fd"Debug\vc120.pdb" /Gd /TP /analyze- /errorReport:prompt stdafx.cpp
         stdafx.cpp
         C:\Program Files (x86)\Microsoft Visual Studio 12.0\VC\bin\CL.exe /c /ZI /nologo /W3 /WX- /sdl /Od /Oy- /D WIN32 /D _DEBUG /D _CONSOLE /D _LIB /D _UNICODE /D UNICODE /Gm /EHsc /RTC1 /MDd /GS /fp:precise /Zc:wchar_t /Zc:forScope /Yu"stdafx.h" /Fp"Debug\Lab13.pch" /Fo"Debug\\" /Fd"Debug\vc120.pdb" /Gd /TP /analyze- /errorReport:prompt Lab13.cpp
         Lab13.cpp
     1>c:\2014 spring\comp 116 data structure\labs\lab13\lab13\node.h : error C4335: Mac file format detected: please convert the source file to either DOS or UNIX format
     1>c:\2014 spring\comp 116 data structure\labs\lab13\lab13\node.h(2): warning C4067: unexpected tokens following preprocessor directive - expected a newline
     1>c:\2014 spring\comp 116 data structure\labs\lab13\lab13\lab13.cpp(24): error C2065: 'ELEPHANT' : undeclared identifier
     1>c:\2014 spring\comp 116 data structure\labs\lab13\lab13\lab13.cpp(24): error C2065: 'head' : undeclared identifier
     1>c:\2014 spring\comp 116 data structure\labs\lab13\lab13\lab13.cpp(24): error C2065: 'one' : undeclared identifier
     1>c:\2014 spring\comp 116 data structure\labs\lab13\lab13\lab13.cpp(24): error C2065: 'two' : undeclared identifier
     1>c:\2014 spring\comp 116 data structure\labs\lab13\lab13\lab13.cpp(24): error C2065: 'three' : undeclared identifier
     1>c:\2014 spring\comp 116 data structure\labs\lab13\lab13\lab13.cpp(26): error C2065: 'head' : undeclared identifier
     1>c:\2014 spring\comp 116 data structure\labs\lab13\lab13\lab13.cpp(26): error C2061: syntax error : identifier 'ELEPHANT'
     1>c:\2014 spring\comp 116 data structure\labs\lab13\lab13\lab13.cpp(27): error C2065: 'head' : undeclared identifier
     1>c:\2014 spring\comp 116 data structure\labs\lab13\lab13\lab13.cpp(27): error C2227: left of '->name' must point to class/struct/union/generic type
                 type is 'unknown-type'
     1>c:\2014 spring\comp 116 data structure\labs\lab13\lab13\lab13.cpp(29): error C2065: 'one' : undeclared identifier
     1>c:\2014 spring\comp 116 data structure\labs\lab13\lab13\lab13.cpp(29): error C2061: syntax error : identifier 'ELEPHANT'
     1>c:\2014 spring\comp 116 data structure\labs\lab13\lab13\lab13.cpp(30): error C2065: 'one' : undeclared identifier
     1>c:\2014 spring\comp 116 data structure\labs\lab13\lab13\lab13.cpp(30): error C2227: left of '->name' must point to class/struct/union/generic type
                 type is 'unknown-type'
     1>c:\2014 spring\comp 116 data structure\labs\lab13\lab13\lab13.cpp(31): error C2065: 'head' : undeclared identifier
     1>c:\2014 spring\comp 116 data structure\labs\lab13\lab13\lab13.cpp(31): error C2227: left of '->next' must point to class/struct/union/generic type
                 type is 'unknown-type'
     1>c:\2014 spring\comp 116 data structure\labs\lab13\lab13\lab13.cpp(31): error C2065: 'one' : undeclared identifier
     1>c:\2014 spring\comp 116 data structure\labs\lab13\lab13\lab13.cpp(33): error C2065: 'two' : undeclared identifier
     1>c:\2014 spring\comp 116 data structure\labs\lab13\lab13\lab13.cpp(33): error C2061: syntax error : identifier 'ELEPHANT'
     1>c:\2014 spring\comp 116 data structure\labs\lab13\lab13\lab13.cpp(34): error C2065: 'two' : undeclared identifier
     1>c:\2014 spring\comp 116 data structure\labs\lab13\lab13\lab13.cpp(34): error C2227: left of '->name' must point to class/struct/union/generic type
                 type is 'unknown-type'
     1>c:\2014 spring\comp 116 data structure\labs\lab13\lab13\lab13.cpp(35): error C2065: 'one' : undeclared identifier
     1>c:\2014 spring\comp 116 data structure\labs\lab13\lab13\lab13.cpp(35): error C2227: left of '->next' must point to class/struct/union/generic type
                 type is 'unknown-type'
     1>c:\2014 spring\comp 116 data structure\labs\lab13\lab13\lab13.cpp(35): error C2065: 'two' : undeclared identifier
     1>c:\2014 spring\comp 116 data structure\labs\lab13\lab13\lab13.cpp(37): error C2065: 'three' : undeclared identifier
     1>c:\2014 spring\comp 116 data structure\labs\lab13\lab13\lab13.cpp(37): error C2061: syntax error : identifier 'ELEPHANT'
     1>c:\2014 spring\comp 116 data structure\labs\lab13\lab13\lab13.cpp(38): error C2065: 'three' : undeclared identifier
     1>c:\2014 spring\comp 116 data structure\labs\lab13\lab13\lab13.cpp(38): error C2227: left of '->name' must point to class/struct/union/generic type
                 type is 'unknown-type'
     1>c:\2014 spring\comp 116 data structure\labs\lab13\lab13\lab13.cpp(39): error C2065: 'two' : undeclared identifier
     1>c:\2014 spring\comp 116 data structure\labs\lab13\lab13\lab13.cpp(39): error C2227: left of '->next' must point to class/struct/union/generic type
                 type is 'unknown-type'
     1>c:\2014 spring\comp 116 data structure\labs\lab13\lab13\lab13.cpp(39): error C2065: 'three' : undeclared identifier
     1>c:\2014 spring\comp 116 data structure\labs\lab13\lab13\lab13.cpp(41): error C2065: 'ELEPHANT' : undeclared identifier
     1>c:\2014 spring\comp 116 data structure\labs\lab13\lab13\lab13.cpp(41): error C2065: 'temp' : undeclared identifier
     1>c:\2014 spring\comp 116 data structure\labs\lab13\lab13\lab13.cpp(42): error C2065: 'temp' : undeclared identifier
     1>c:\2014 spring\comp 116 data structure\labs\lab13\lab13\lab13.cpp(42): error C2065: 'head' : undeclared identifier
     1>c:\2014 spring\comp 116 data structure\labs\lab13\lab13\lab13.cpp(42): error C2227: left of '->next' must point to class/struct/union/generic type
                 type is 'unknown-type'
     1>c:\2014 spring\comp 116 data structure\labs\lab13\lab13\lab13.cpp(46): error C2065: 'temp' : undeclared identifier
     1>c:\2014 spring\comp 116 data structure\labs\lab13\lab13\lab13.cpp(46): error C2227: left of '->name' must point to class/struct/union/generic type
                 type is 'unknown-type'
     1>c:\2014 spring\comp 116 data structure\labs\lab13\lab13\lab13.cpp(47): error C2065: 'temp' : undeclared identifier
     1>c:\2014 spring\comp 116 data structure\labs\lab13\lab13\lab13.cpp(47): error C2227: left of '->next' must point to class/struct/union/generic type
                 type is 'unknown-type'
     1>Done Building Project "C:\2014 Spring\COMP 116 Data Structure\Labs\Lab13\Lab13\Lab13.vcxproj" (Build target(s)) -- FAILED.

Build FAILED.

Time Elapsed 00:00:01.35
