Build started 2/9/2014 2:12:16 PM.
     1>Project "C:\2014 Spring\COMP 116 Data Structure\Labs\Lab3_Array\Lab3_Array\Lab3_Array.vcxproj" on node 2 (Build target(s)).
     1>ClCompile:
         C:\Program Files (x86)\Microsoft Visual Studio 12.0\VC\bin\CL.exe /c /ZI /nologo /W3 /WX- /sdl /Od /Oy- /D WIN32 /D _DEBUG /D _CONSOLE /D _LIB /D _UNICODE /D UNICODE /Gm /EHsc /RTC1 /MDd /GS /fp:precise /Zc:wchar_t /Zc:forScope /Yu"stdafx.h" /Fp"Debug\Lab3_Array.pch" /Fo"Debug\\" /Fd"Debug\vc120.pdb" /Gd /TP /analyze- /errorReport:prompt ..\..\public_Lab3\2_Arrays\0_arrayZERO.cpp ..\..\public_Lab3\2_Arrays\1_arrayONE.cpp
         1_arrayONE.cpp
     1>c:\2014 spring\comp 116 data structure\labs\public_lab3\2_arrays\1_arrayone.cpp(2): warning C4627: '#include "stdahx.h"': skipped when looking for precompiled header use
                 Add directive to 'stdafx.h' or rebuild precompiled header
     1>c:\2014 spring\comp 116 data structure\labs\public_lab3\2_arrays\1_arrayone.cpp(3): warning C4627: '#include <iostream>': skipped when looking for precompiled header use
                 Add directive to 'stdafx.h' or rebuild precompiled header
     1>c:\2014 spring\comp 116 data structure\labs\public_lab3\2_arrays\1_arrayone.cpp(47): fatal error C1010: unexpected end of file while looking for precompiled header. Did you forget to add '#include "stdafx.h"' to your source?
         0_arrayZERO.cpp
     1>c:\2014 spring\comp 116 data structure\labs\public_lab3\2_arrays\0_arrayzero.cpp(38): fatal error C1010: unexpected end of file while looking for precompiled header. Did you forget to add '#include "stdafx.h"' to your source?
         Generating Code...
     1>Done Building Project "C:\2014 Spring\COMP 116 Data Structure\Labs\Lab3_Array\Lab3_Array\Lab3_Array.vcxproj" (Build target(s)) -- FAILED.

Build FAILED.

Time Elapsed 00:00:03.71
